<?xml version="1.0" encoding="UTF-8"?>
<testsuite xmlns:xsi="http://www.w3.org/2001/XMLSchema-instance" xsi:noNamespaceSchemaLocation="https://maven.apache.org/surefire/maven-surefire-plugin/xsd/surefire-test-report-3.0.xsd" version="3.0" name="fr.sedona.api.versioning.beer.resource.BreweryResourceTest" time="0.034" tests="1" errors="0" skipped="0" failures="0">
  <properties>
[...]
</properties>
  <testcase name="autocomplete_should_return_breweries_starting_with_input" classname="fr.sedona.api.versioning.beer.resource.BreweryResourceTest" time="0.033"/>
</testsuite>